# JRE version: Java(TM) SE Runtime Environment (8.0_144-b01) (build 1.8.0_144-b01)
# Java VM: Java HotSpot(TM) 64-Bit Server VM (25.144-b01 mixed mode linux-amd64 compressed oops)
Heap:
 PSYoungGen      total 287232K, used 96068K [0x00000000d7000000, 0x00000000ef880000, 0x0000000100000000)
  eden space 264192K, 36% used [0x00000000d7000000,0x00000000dcdd1188,0x00000000e7200000)
  from space 23040K, 0% used [0x00000000e7200000,0x00000000e7200000,0x00000000e8880000)
  to   space 26624K, 0% used [0x00000000ede80000,0x00000000ede80000,0x00000000ef880000)
 ParOldGen       total 142336K, used 43056K [0x0000000085000000, 0x000000008db00000, 0x00000000d7000000)
  object space 142336K, 30% used [0x0000000085000000,0x0000000087a0c058,0x000000008db00000)
 Metaspace       used 63136K, capacity 63822K, committed 64088K, reserved 1105920K
  class space    used 8155K, capacity 8313K, committed 8320K, reserved 1048576K
GC Heap History (10 events):
Event: 22.772 GC heap before
{Heap before GC invocations=14 (full 2):
 PSYoungGen      total 183808K, used 177507K [0x00000000d7000000, 0x00000000e6180000, 0x0000000100000000)
  eden space 166912K, 100% used [0x00000000d7000000,0x00000000e1300000,0x00000000e1300000)
  from space 16896K, 62% used [0x00000000e1300000,0x00000000e1d58d78,0x00000000e2380000)
  to   space 16896K, 0% used [0x00000000e5100000,0x00000000e5100000,0x00000000e6180000)
 ParOldGen       total 100352K, used 21766K [0x0000000085000000, 0x000000008b200000, 0x00000000d7000000)
  object space 100352K, 21% used [0x0000000085000000,0x0000000086541ad0,0x000000008b200000)
 Metaspace       used 50228K, capacity 50616K, committed 51200K, reserved 1093632K
  class space    used 6467K, capacity 6555K, committed 6656K, reserved 1048576K
Event: 22.822 GC heap after
Heap after GC invocations=14 (full 2):
 PSYoungGen      total 227328K, used 12996K [0x00000000d7000000, 0x00000000e6100000, 0x0000000100000000)
  eden space 210944K, 0% used [0x00000000d7000000,0x00000000d7000000,0x00000000e3e00000)
  from space 16384K, 79% used [0x00000000e5100000,0x00000000e5db1348,0x00000000e6100000)
  to   space 17920K, 0% used [0x00000000e3e00000,0x00000000e3e00000,0x00000000e4f80000)
 ParOldGen       total 100352K, used 21774K [0x0000000085000000, 0x000000008b200000, 0x00000000d7000000)
  object space 100352K, 21% used [0x0000000085000000,0x0000000086543ad0,0x000000008b200000)
 Metaspace       used 50228K, capacity 50616K, committed 51200K, reserved 1093632K
  class space    used 6467K, capacity 6555K, committed 6656K, reserved 1048576K
}
Event: 28.070 GC heap before
{Heap before GC invocations=15 (full 2):
 PSYoungGen      total 227328K, used 223940K [0x00000000d7000000, 0x00000000e6100000, 0x0000000100000000)
  eden space 210944K, 100% used [0x00000000d7000000,0x00000000e3e00000,0x00000000e3e00000)
  from space 16384K, 79% used [0x00000000e5100000,0x00000000e5db1348,0x00000000e6100000)
  to   space 17920K, 0% used [0x00000000e3e00000,0x00000000e3e00000,0x00000000e4f80000)
 ParOldGen       total 100352K, used 21774K [0x0000000085000000, 0x000000008b200000, 0x00000000d7000000)
  object space 100352K, 21% used [0x0000000085000000,0x0000000086543ad0,0x000000008b200000)
 Metaspace       used 53033K, capacity 53474K, committed 53888K, reserved 1095680K
  class space    used 6809K, capacity 6946K, committed 7040K, reserved 1048576K
Event: 28.194 GC heap after
Heap after GC invocations=15 (full 2):
 PSYoungGen      total 228864K, used 16579K [0x00000000d7000000, 0x00000000e9c00000, 0x0000000100000000)
  eden space 210944K, 0% used [0x00000000d7000000,0x00000000d7000000,0x00000000e3e00000)
  from space 17920K, 92% used [0x00000000e3e00000,0x00000000e4e30c88,0x00000000e4f80000)
  to   space 19968K, 0% used [0x00000000e8880000,0x00000000e8880000,0x00000000e9c00000)
 ParOldGen       total 100352K, used 21774K [0x0000000085000000, 0x000000008b200000, 0x00000000d7000000)
  object space 100352K, 21% used [0x0000000085000000,0x0000000086543ad0,0x000000008b200000)
 Metaspace       used 53033K, capacity 53474K, committed 53888K, reserved 1095680K
  class space    used 6809K, capacity 6946K, committed 7040K, reserved 1048576K
}
Event: 31.779 GC heap before
{Heap before GC invocations=16 (full 2):
 PSYoungGen      total 228864K, used 227523K [0x00000000d7000000, 0x00000000e9c00000, 0x0000000100000000)
  eden space 210944K, 100% used [0x00000000d7000000,0x00000000e3e00000,0x00000000e3e00000)
  from space 17920K, 92% used [0x00000000e3e00000,0x00000000e4e30c88,0x00000000e4f80000)
  to   space 19968K, 0% used [0x00000000e8880000,0x00000000e8880000,0x00000000e9c00000)
 ParOldGen       total 100352K, used 21774K [0x0000000085000000, 0x000000008b200000, 0x00000000d7000000)
  object space 100352K, 21% used [0x0000000085000000,0x0000000086543ad0,0x000000008b200000)
 Metaspace       used 54859K, capacity 55426K, committed 55808K, reserved 1097728K
  class space    used 7035K, capacity 7148K, committed 7168K, reserved 1048576K
Event: 31.923 GC heap after
Heap after GC invocations=16 (full 2):
 PSYoungGen      total 284160K, used 19963K [0x00000000d7000000, 0x00000000ea780000, 0x0000000100000000)
  eden space 264192K, 0% used [0x00000000d7000000,0x00000000d7000000,0x00000000e7200000)
  from space 19968K, 99% used [0x00000000e8880000,0x00000000e9bfeee8,0x00000000e9c00000)
  to   space 23040K, 0% used [0x00000000e7200000,0x00000000e7200000,0x00000000e8880000)
 ParOldGen       total 100352K, used 22431K [0x0000000085000000, 0x000000008b200000, 0x00000000d7000000)
  object space 100352K, 22% used [0x0000000085000000,0x00000000865e7cd0,0x000000008b200000)
 Metaspace       used 54859K, capacity 55426K, committed 55808K, reserved 1097728K
  class space    used 7035K, capacity 7148K, committed 7168K, reserved 1048576K
}
Event: 33.930 GC heap before
{Heap before GC invocations=17 (full 2):
 PSYoungGen      total 284160K, used 60568K [0x00000000d7000000, 0x00000000ea780000, 0x0000000100000000)
  eden space 264192K, 15% used [0x00000000d7000000,0x00000000d97a7380,0x00000000e7200000)
  from space 19968K, 99% used [0x00000000e8880000,0x00000000e9bfeee8,0x00000000e9c00000)
  to   space 23040K, 0% used [0x00000000e7200000,0x00000000e7200000,0x00000000e8880000)
 ParOldGen       total 100352K, used 22431K [0x0000000085000000, 0x000000008b200000, 0x00000000d7000000)
  object space 100352K, 22% used [0x0000000085000000,0x00000000865e7cd0,0x000000008b200000)
 Metaspace       used 58269K, capacity 58848K, committed 59096K, reserved 1101824K
  class space    used 7473K, capacity 7642K, committed 7680K, reserved 1048576K
Event: 34.026 GC heap after
Heap after GC invocations=17 (full 2):
 PSYoungGen      total 287232K, used 23025K [0x00000000d7000000, 0x00000000ef880000, 0x0000000100000000)
  eden space 264192K, 0% used [0x00000000d7000000,0x00000000d7000000,0x00000000e7200000)
  from space 23040K, 99% used [0x00000000e7200000,0x00000000e887c7c0,0x00000000e8880000)
  to   space 26624K, 0% used [0x00000000ede80000,0x00000000ede80000,0x00000000ef880000)
 ParOldGen       total 100352K, used 23187K [0x0000000085000000, 0x000000008b200000, 0x00000000d7000000)
  object space 100352K, 23% used [0x0000000085000000,0x00000000866a4fb8,0x000000008b200000)
 Metaspace       used 58269K, capacity 58848K, committed 59096K, reserved 1101824K
  class space    used 7473K, capacity 7642K, committed 7680K, reserved 1048576K
}
Event: 34.026 GC heap before
{Heap before GC invocations=18 (full 3):
 PSYoungGen      total 287232K, used 23025K [0x00000000d7000000, 0x00000000ef880000, 0x0000000100000000)
  eden space 264192K, 0% used [0x00000000d7000000,0x00000000d7000000,0x00000000e7200000)
  from space 23040K, 99% used [0x00000000e7200000,0x00000000e887c7c0,0x00000000e8880000)
  to   space 26624K, 0% used [0x00000000ede80000,0x00000000ede80000,0x00000000ef880000)
 ParOldGen       total 100352K, used 23187K [0x0000000085000000, 0x000000008b200000, 0x00000000d7000000)
  object space 100352K, 23% used [0x0000000085000000,0x00000000866a4fb8,0x000000008b200000)
 Metaspace       used 58269K, capacity 58848K, committed 59096K, reserved 1101824K
  class space    used 7473K, capacity 7642K, committed 7680K, reserved 1048576K
Event: 34.703 GC heap after
Heap after GC invocations=18 (full 3):
 PSYoungGen      total 287232K, used 0K [0x00000000d7000000, 0x00000000ef880000, 0x0000000100000000)
  eden space 264192K, 0% used [0x00000000d7000000,0x00000000d7000000,0x00000000e7200000)
  from space 23040K, 0% used [0x00000000e7200000,0x00000000e7200000,0x00000000e8880000)
  to   space 26624K, 0% used [0x00000000ede80000,0x00000000ede80000,0x00000000ef880000)
 ParOldGen       total 142336K, used 43056K [0x0000000085000000, 0x000000008db00000, 0x00000000d7000000)
  object space 142336K, 30% used [0x0000000085000000,0x0000000087a0c058,0x000000008db00000)
 Metaspace       used 58269K, capacity 58848K, committed 59096K, reserved 1101824K
  class space    used 7473K, capacity 7642K, committed 7680K, reserved 1048576K
}

