# JRE version: Java(TM) SE Runtime Environment (8.0_144-b01) (build 1.8.0_144-b01)
# Java VM: Java HotSpot(TM) 64-Bit Server VM (25.144-b01 mixed mode linux-amd64 compressed oops)
Heap:
 PSYoungGen      total 334848K, used 146719K [0x00000000d7000000, 0x00000000ecb00000, 0x0000000100000000)
  eden space 318976K, 45% used [0x00000000d7000000,0x00000000dff47ce8,0x00000000ea780000)
  from space 15872K, 0% used [0x00000000ebb80000,0x00000000ebb80000,0x00000000ecb00000)
  to   space 17920K, 0% used [0x00000000ea800000,0x00000000ea800000,0x00000000eb980000)
 ParOldGen       total 138240K, used 43892K [0x0000000085000000, 0x000000008d700000, 0x00000000d7000000)
  object space 138240K, 31% used [0x0000000085000000,0x0000000087add168,0x000000008d700000)
 Metaspace       used 65738K, capacity 66398K, committed 66776K, reserved 1107968K
  class space    used 8456K, capacity 8623K, committed 8704K, reserved 1048576K
GC Heap History (10 events):
Event: 25.811 GC heap before
{Heap before GC invocations=13 (full 2):
 PSYoungGen      total 209920K, used 194048K [0x00000000d7000000, 0x00000000e5200000, 0x0000000100000000)
  eden space 194048K, 100% used [0x00000000d7000000,0x00000000e2d80000,0x00000000e2d80000)
  from space 15872K, 0% used [0x00000000e3c80000,0x00000000e3c80000,0x00000000e4c00000)
  to   space 15360K, 0% used [0x00000000e2d80000,0x00000000e2d80000,0x00000000e3c80000)
 ParOldGen       total 91136K, used 20711K [0x0000000085000000, 0x000000008a900000, 0x00000000d7000000)
  object space 91136K, 22% used [0x0000000085000000,0x0000000086439fe0,0x000000008a900000)
 Metaspace       used 44831K, capacity 45234K, committed 45568K, reserved 1089536K
  class space    used 5707K, capacity 5838K, committed 5888K, reserved 1048576K
Event: 25.846 GC heap after
Heap after GC invocations=13 (full 2):
 PSYoungGen      total 209408K, used 11244K [0x00000000d7000000, 0x00000000e8a00000, 0x0000000100000000)
  eden space 194048K, 0% used [0x00000000d7000000,0x00000000d7000000,0x00000000e2d80000)
  from space 15360K, 73% used [0x00000000e2d80000,0x00000000e387b1e0,0x00000000e3c80000)
  to   space 15872K, 0% used [0x00000000e7a80000,0x00000000e7a80000,0x00000000e8a00000)
 ParOldGen       total 91136K, used 20711K [0x0000000085000000, 0x000000008a900000, 0x00000000d7000000)
  object space 91136K, 22% used [0x0000000085000000,0x0000000086439fe0,0x000000008a900000)
 Metaspace       used 44831K, capacity 45234K, committed 45568K, reserved 1089536K
  class space    used 5707K, capacity 5838K, committed 5888K, reserved 1048576K
}
Event: 30.356 GC heap before
{Heap before GC invocations=14 (full 2):
 PSYoungGen      total 209408K, used 205292K [0x00000000d7000000, 0x00000000e8a00000, 0x0000000100000000)
  eden space 194048K, 100% used [0x00000000d7000000,0x00000000e2d80000,0x00000000e2d80000)
  from space 15360K, 73% used [0x00000000e2d80000,0x00000000e387b1e0,0x00000000e3c80000)
  to   space 15872K, 0% used [0x00000000e7a80000,0x00000000e7a80000,0x00000000e8a00000)
 ParOldGen       total 91136K, used 20711K [0x0000000085000000, 0x000000008a900000, 0x00000000d7000000)
  object space 91136K, 22% used [0x0000000085000000,0x0000000086439fe0,0x000000008a900000)
 Metaspace       used 50677K, capacity 51066K, committed 51456K, reserved 1093632K
  class space    used 6524K, capacity 6618K, committed 6656K, reserved 1048576K
Event: 30.395 GC heap after
Heap after GC invocations=14 (full 2):
 PSYoungGen      total 262656K, used 9986K [0x00000000d7000000, 0x00000000e8500000, 0x0000000100000000)
  eden space 251904K, 0% used [0x00000000d7000000,0x00000000d7000000,0x00000000e6600000)
  from space 10752K, 92% used [0x00000000e7a80000,0x00000000e8440bb8,0x00000000e8500000)
  to   space 15872K, 0% used [0x00000000e6600000,0x00000000e6600000,0x00000000e7580000)
 ParOldGen       total 91136K, used 24086K [0x0000000085000000, 0x000000008a900000, 0x00000000d7000000)
  object space 91136K, 26% used [0x0000000085000000,0x0000000086785800,0x000000008a900000)
 Metaspace       used 50677K, capacity 51066K, committed 51456K, reserved 1093632K
  class space    used 6524K, capacity 6618K, committed 6656K, reserved 1048576K
}
Event: 35.483 GC heap before
{Heap before GC invocations=15 (full 2):
 PSYoungGen      total 262656K, used 261890K [0x00000000d7000000, 0x00000000e8500000, 0x0000000100000000)
  eden space 251904K, 100% used [0x00000000d7000000,0x00000000e6600000,0x00000000e6600000)
  from space 10752K, 92% used [0x00000000e7a80000,0x00000000e8440bb8,0x00000000e8500000)
  to   space 15872K, 0% used [0x00000000e6600000,0x00000000e6600000,0x00000000e7580000)
 ParOldGen       total 91136K, used 24086K [0x0000000085000000, 0x000000008a900000, 0x00000000d7000000)
  object space 91136K, 26% used [0x0000000085000000,0x0000000086785800,0x000000008a900000)
 Metaspace       used 53903K, capacity 54280K, committed 54784K, reserved 1097728K
  class space    used 6931K, capacity 7041K, committed 7168K, reserved 1048576K
Event: 35.556 GC heap after
Heap after GC invocations=15 (full 2):
 PSYoungGen      total 267776K, used 10021K [0x00000000d7000000, 0x00000000ecb00000, 0x0000000100000000)
  eden space 251904K, 0% used [0x00000000d7000000,0x00000000d7000000,0x00000000e6600000)
  from space 15872K, 63% used [0x00000000e6600000,0x00000000e6fc9540,0x00000000e7580000)
  to   space 15872K, 0% used [0x00000000ebb80000,0x00000000ebb80000,0x00000000ecb00000)
 ParOldGen       total 91136K, used 29062K [0x0000000085000000, 0x000000008a900000, 0x00000000d7000000)
  object space 91136K, 31% used [0x0000000085000000,0x0000000086c61840,0x000000008a900000)
 Metaspace       used 53903K, capacity 54280K, committed 54784K, reserved 1097728K
  class space    used 6931K, capacity 7041K, committed 7168K, reserved 1048576K
}
Event: 39.827 GC heap before
{Heap before GC invocations=16 (full 2):
 PSYoungGen      total 267776K, used 226509K [0x00000000d7000000, 0x00000000ecb00000, 0x0000000100000000)
  eden space 251904K, 85% used [0x00000000d7000000,0x00000000e436a2a8,0x00000000e6600000)
  from space 15872K, 63% used [0x00000000e6600000,0x00000000e6fc9540,0x00000000e7580000)
  to   space 15872K, 0% used [0x00000000ebb80000,0x00000000ebb80000,0x00000000ecb00000)
 ParOldGen       total 91136K, used 29062K [0x0000000085000000, 0x000000008a900000, 0x00000000d7000000)
  object space 91136K, 31% used [0x0000000085000000,0x0000000086c61840,0x000000008a900000)
 Metaspace       used 58244K, capacity 58856K, committed 59096K, reserved 1101824K
  class space    used 7459K, capacity 7642K, committed 7680K, reserved 1048576K
Event: 39.875 GC heap after
Heap after GC invocations=16 (full 2):
 PSYoungGen      total 334848K, used 15864K [0x00000000d7000000, 0x00000000ecb00000, 0x0000000100000000)
  eden space 318976K, 0% used [0x00000000d7000000,0x00000000d7000000,0x00000000ea780000)
  from space 15872K, 99% used [0x00000000ebb80000,0x00000000ecafe3e8,0x00000000ecb00000)
  to   space 17920K, 0% used [0x00000000ea800000,0x00000000ea800000,0x00000000eb980000)
 ParOldGen       total 91136K, used 29451K [0x0000000085000000, 0x000000008a900000, 0x00000000d7000000)
  object space 91136K, 32% used [0x0000000085000000,0x0000000086cc2ec8,0x000000008a900000)
 Metaspace       used 58244K, capacity 58856K, committed 59096K, reserved 1101824K
  class space    used 7459K, capacity 7642K, committed 7680K, reserved 1048576K
}
Event: 39.875 GC heap before
{Heap before GC invocations=17 (full 3):
 PSYoungGen      total 334848K, used 15864K [0x00000000d7000000, 0x00000000ecb00000, 0x0000000100000000)
  eden space 318976K, 0% used [0x00000000d7000000,0x00000000d7000000,0x00000000ea780000)
  from space 15872K, 99% used [0x00000000ebb80000,0x00000000ecafe3e8,0x00000000ecb00000)
  to   space 17920K, 0% used [0x00000000ea800000,0x00000000ea800000,0x00000000eb980000)
 ParOldGen       total 91136K, used 29451K [0x0000000085000000, 0x000000008a900000, 0x00000000d7000000)
  object space 91136K, 32% used [0x0000000085000000,0x0000000086cc2ec8,0x000000008a900000)
 Metaspace       used 58244K, capacity 58856K, committed 59096K, reserved 1101824K
  class space    used 7459K, capacity 7642K, committed 7680K, reserved 1048576K
Event: 40.547 GC heap after
Heap after GC invocations=17 (full 3):
 PSYoungGen      total 334848K, used 0K [0x00000000d7000000, 0x00000000ecb00000, 0x0000000100000000)
  eden space 318976K, 0% used [0x00000000d7000000,0x00000000d7000000,0x00000000ea780000)
  from space 15872K, 0% used [0x00000000ebb80000,0x00000000ebb80000,0x00000000ecb00000)
  to   space 17920K, 0% used [0x00000000ea800000,0x00000000ea800000,0x00000000eb980000)
 ParOldGen       total 138240K, used 43892K [0x0000000085000000, 0x000000008d700000, 0x00000000d7000000)
  object space 138240K, 31% used [0x0000000085000000,0x0000000087add168,0x000000008d700000)
 Metaspace       used 58244K, capacity 58856K, committed 59096K, reserved 1101824K
  class space    used 7459K, capacity 7642K, committed 7680K, reserved 1048576K
}

