# Java VM: Java HotSpot(TM) 64-Bit Server VM (25.144-b01 mixed mode linux-amd64 compressed oops)
Heap:
 PSYoungGen      total 178176K, used 104081K [0x00000000d7000000, 0x00000000e6580000, 0x0000000100000000)
  eden space 162304K, 64% used [0x00000000d7000000,0x00000000dd5a44a0,0x00000000e0e80000)
  from space 15872K, 0% used [0x00000000e0e80000,0x00000000e0e80000,0x00000000e1e00000)
  to   space 16384K, 0% used [0x00000000e5580000,0x00000000e5580000,0x00000000e6580000)
 ParOldGen       total 87552K, used 20210K [0x0000000085000000, 0x000000008a580000, 0x00000000d7000000)
  object space 87552K, 23% used [0x0000000085000000,0x00000000863bc840,0x000000008a580000)
 Metaspace       used 37542K, capacity 38112K, committed 38400K, reserved 1083392K
  class space    used 4610K, capacity 4749K, committed 4864K, reserved 1048576K
GC Heap History (10 events):
Event: 3.945 GC heap before
{Heap before GC invocations=7 (full 1):
 PSYoungGen      total 68608K, used 63488K [0x00000000d7000000, 0x00000000dfc00000, 0x0000000100000000)
  eden space 63488K, 100% used [0x00000000d7000000,0x00000000dae00000,0x00000000dae00000)
  from space 5120K, 0% used [0x00000000dae00000,0x00000000dae00000,0x00000000db300000)
  to   space 8192K, 0% used [0x00000000df400000,0x00000000df400000,0x00000000dfc00000)
 ParOldGen       total 51200K, used 5142K [0x0000000085000000, 0x0000000088200000, 0x00000000d7000000)
  object space 51200K, 10% used [0x0000000085000000,0x00000000855058c0,0x0000000088200000)
 Metaspace       used 22224K, capacity 22518K, committed 22704K, reserved 1069056K
  class space    used 2736K, capacity 2798K, committed 2816K, reserved 1048576K
Event: 3.951 GC heap after
Heap after GC invocations=7 (full 1):
 PSYoungGen      total 107520K, used 4389K [0x00000000d7000000, 0x00000000df880000, 0x0000000100000000)
  eden space 102912K, 0% used [0x00000000d7000000,0x00000000d7000000,0x00000000dd480000)
  from space 4608K, 95% used [0x00000000df400000,0x00000000df849420,0x00000000df880000)
  to   space 8192K, 0% used [0x00000000de880000,0x00000000de880000,0x00000000df080000)
 ParOldGen       total 51200K, used 5150K [0x0000000085000000, 0x0000000088200000, 0x00000000d7000000)
  object space 51200K, 10% used [0x0000000085000000,0x00000000855078c0,0x0000000088200000)
 Metaspace       used 22224K, capacity 22518K, committed 22704K, reserved 1069056K
  class space    used 2736K, capacity 2798K, committed 2816K, reserved 1048576K
}
Event: 5.449 GC heap before
{Heap before GC invocations=8 (full 1):
 PSYoungGen      total 107520K, used 107301K [0x00000000d7000000, 0x00000000df880000, 0x0000000100000000)
  eden space 102912K, 100% used [0x00000000d7000000,0x00000000dd480000,0x00000000dd480000)
  from space 4608K, 95% used [0x00000000df400000,0x00000000df849420,0x00000000df880000)
  to   space 8192K, 0% used [0x00000000de880000,0x00000000de880000,0x00000000df080000)
 ParOldGen       total 51200K, used 5150K [0x0000000085000000, 0x0000000088200000, 0x00000000d7000000)
  object space 51200K, 10% used [0x0000000085000000,0x00000000855078c0,0x0000000088200000)
 Metaspace       used 28992K, capacity 29278K, committed 29568K, reserved 1075200K
  class space    used 3576K, capacity 3674K, committed 3712K, reserved 1048576K
Event: 5.471 GC heap after
Heap after GC invocations=8 (full 1):
 PSYoungGen      total 131584K, used 8187K [0x00000000d7000000, 0x00000000e2a00000, 0x0000000100000000)
  eden space 123392K, 0% used [0x00000000d7000000,0x00000000d7000000,0x00000000de880000)
  from space 8192K, 99% used [0x00000000de880000,0x00000000df07ec40,0x00000000df080000)
  to   space 12288K, 0% used [0x00000000e1e00000,0x00000000e1e00000,0x00000000e2a00000)
 ParOldGen       total 51200K, used 11878K [0x0000000085000000, 0x0000000088200000, 0x00000000d7000000)
  object space 51200K, 23% used [0x0000000085000000,0x0000000085b99898,0x0000000088200000)
 Metaspace       used 28992K, capacity 29278K, committed 29568K, reserved 1075200K
  class space    used 3576K, capacity 3674K, committed 3712K, reserved 1048576K
}
Event: 6.828 GC heap before
{Heap before GC invocations=9 (full 1):
 PSYoungGen      total 131584K, used 131579K [0x00000000d7000000, 0x00000000e2a00000, 0x0000000100000000)
  eden space 123392K, 100% used [0x00000000d7000000,0x00000000de880000,0x00000000de880000)
  from space 8192K, 99% used [0x00000000de880000,0x00000000df07ec40,0x00000000df080000)
  to   space 12288K, 0% used [0x00000000e1e00000,0x00000000e1e00000,0x00000000e2a00000)
 ParOldGen       total 51200K, used 11878K [0x0000000085000000, 0x0000000088200000, 0x00000000d7000000)
  object space 51200K, 23% used [0x0000000085000000,0x0000000085b99898,0x0000000088200000)
 Metaspace       used 32057K, capacity 32436K, committed 32512K, reserved 1077248K
  class space    used 3989K, capacity 4095K, committed 4096K, reserved 1048576K
Event: 6.858 GC heap after
Heap after GC invocations=9 (full 1):
 PSYoungGen      total 174592K, used 12267K [0x00000000d7000000, 0x00000000e5400000, 0x0000000100000000)
  eden space 162304K, 0% used [0x00000000d7000000,0x00000000d7000000,0x00000000e0e80000)
  from space 12288K, 99% used [0x00000000e1e00000,0x00000000e29fac50,0x00000000e2a00000)
  to   space 15872K, 0% used [0x00000000e0e80000,0x00000000e0e80000,0x00000000e1e00000)
 ParOldGen       total 51200K, used 16162K [0x0000000085000000, 0x0000000088200000, 0x00000000d7000000)
  object space 51200K, 31% used [0x0000000085000000,0x0000000085fc8800,0x0000000088200000)
 Metaspace       used 32057K, capacity 32436K, committed 32512K, reserved 1077248K
  class space    used 3989K, capacity 4095K, committed 4096K, reserved 1048576K
}
Event: 17.997 GC heap before
{Heap before GC invocations=10 (full 1):
 PSYoungGen      total 174592K, used 129673K [0x00000000d7000000, 0x00000000e5400000, 0x0000000100000000)
  eden space 162304K, 72% used [0x00000000d7000000,0x00000000de2a7b90,0x00000000e0e80000)
  from space 12288K, 99% used [0x00000000e1e00000,0x00000000e29fac50,0x00000000e2a00000)
  to   space 15872K, 0% used [0x00000000e0e80000,0x00000000e0e80000,0x00000000e1e00000)
 ParOldGen       total 51200K, used 16162K [0x0000000085000000, 0x0000000088200000, 0x00000000d7000000)
  object space 51200K, 31% used [0x0000000085000000,0x0000000085fc8800,0x0000000088200000)
 Metaspace       used 34901K, capacity 35364K, committed 35456K, reserved 1081344K
  class space    used 4296K, capacity 4419K, committed 4480K, reserved 1048576K
Heap after GC invocations=10 (full 1):
 PSYoungGen      total 178176K, used 11461K [0x00000000d7000000, 0x00000000e6580000, 0x0000000100000000)
  eden space 162304K, 0% used [0x00000000d7000000,0x00000000d7000000,0x00000000e0e80000)
  from space 15872K, 72% used [0x00000000e0e80000,0x00000000e19b1560,0x00000000e1e00000)
  to   space 16384K, 0% used [0x00000000e5580000,0x00000000e5580000,0x00000000e6580000)
 ParOldGen       total 51200K, used 17514K [0x0000000085000000, 0x0000000088200000, 0x00000000d7000000)
  object space 51200K, 34% used [0x0000000085000000,0x000000008611a800,0x0000000088200000)
 Metaspace       used 34901K, capacity 35364K, committed 35456K, reserved 1081344K
  class space    used 4296K, capacity 4419K, committed 4480K, reserved 1048576K
}
GC heap after

